TN:
SF:src/config/database.ts
FN:3,(anonymous_8)
FN:3,(anonymous_9)
FNF:2
FNH:0
FNDA:0,(anonymous_8)
FNDA:0,(anonymous_9)
DA:1,0
DA:3,0
DA:4,0
DA:5,0
DA:6,0
DA:7,0
DA:10,0
DA:11,0
DA:12,0
DA:14,0
DA:15,0
DA:17,0
DA:19,0
DA:23,0
LF:14
LH:0
BRDA:5,0,0,0
BRDA:14,1,0,0
BRDA:14,1,1,0
BRF:3
BRH:0
end_of_record
TN:
SF:src/config/routes.ts
FNF:0
FNH:0
DA:1,0
DA:2,0
DA:3,0
DA:4,0
DA:5,0
DA:7,0
DA:10,0
DA:13,0
DA:16,0
DA:19,0
DA:21,0
LF:11
LH:0
BRF:0
BRH:0
end_of_record
TN:
SF:src/config/swagger.ts
FN:24,(anonymous_14)
FN:24,(anonymous_15)
FN:25,(anonymous_16)
FNF:3
FNH:0
FNDA:0,(anonymous_14)
FNDA:0,(anonymous_15)
FNDA:0,(anonymous_16)
DA:1,0
DA:2,0
DA:4,0
DA:6,0
DA:8,0
DA:21,0
DA:22,0
DA:24,0
DA:25,0
LF:9
LH:0
BRF:0
BRH:0
end_of_record
TN:
SF:src/controllers/admController.ts
FN:36,(anonymous_8)
FN:36,(anonymous_9)
FN:95,(anonymous_10)
FN:95,(anonymous_11)
FN:148,(anonymous_12)
FN:148,(anonymous_13)
FN:181,(anonymous_14)
FN:185,(anonymous_15)
FN:233,(anonymous_16)
FN:236,(anonymous_17)
FN:294,(anonymous_18)
FN:297,(anonymous_19)
FN:356,(anonymous_20)
FN:359,(anonymous_21)
FN:393,(anonymous_22)
FN:396,(anonymous_23)
FNF:16
FNH:0
FNDA:0,(anonymous_8)
FNDA:0,(anonymous_9)
FNDA:0,(anonymous_10)
FNDA:0,(anonymous_11)
FNDA:0,(anonymous_12)
FNDA:0,(anonymous_13)
FNDA:0,(anonymous_14)
FNDA:0,(anonymous_15)
FNDA:0,(anonymous_16)
FNDA:0,(anonymous_17)
FNDA:0,(anonymous_18)
FNDA:0,(anonymous_19)
FNDA:0,(anonymous_20)
FNDA:0,(anonymous_21)
FNDA:0,(anonymous_22)
FNDA:0,(anonymous_23)
DA:2,0
DA:3,0
DA:4,0
DA:5,0
DA:36,0
DA:37,0
DA:39,0
DA:40,0
DA:41,0
DA:42,0
DA:43,0
DA:46,0
DA:47,0
DA:52,0
DA:54,0
DA:60,0
DA:66,0
DA:67,0
DA:95,0
DA:96,0
DA:98,0
DA:99,0
DA:100,0
DA:101,0
DA:102,0
DA:105,0
DA:106,0
DA:111,0
DA:113,0
DA:119,0
DA:120,0
DA:148,0
DA:149,0
DA:151,0
DA:152,0
DA:153,0
DA:154,0
DA:155,0
DA:158,0
DA:159,0
DA:160,0
DA:161,0
DA:164,0
DA:170,0
DA:176,0
DA:177,0
DA:181,0
DA:185,0
DA:186,0
DA:187,0
DA:189,0
DA:190,0
DA:191,0
DA:194,0
DA:199,0
DA:201,0
DA:202,0
DA:203,0
DA:206,0
DA:207,0
DA:209,0
DA:210,0
DA:233,0
DA:236,0
DA:237,0
DA:239,0
DA:240,0
DA:241,0
DA:242,0
DA:243,0
DA:246,0
DA:248,0
DA:254,0
DA:255,0
DA:294,0
DA:297,0
DA:298,0
DA:299,0
DA:301,0
DA:302,0
DA:303,0
DA:304,0
DA:305,0
DA:308,0
DA:312,0
DA:315,0
DA:316,0
DA:317,0
DA:321,0
DA:322,0
DA:328,0
DA:334,0
DA:340,0
DA:341,0
DA:356,0
DA:359,0
DA:360,0
DA:361,0
DA:363,0
DA:369,0
DA:370,0
DA:393,0
DA:396,0
DA:397,0
DA:399,0
DA:400,0
DA:402,0
DA:403,0
DA:404,0
DA:407,0
DA:412,0
DA:413,0
LF:112
LH:0
BRDA:41,0,0,0
BRDA:100,1,0,0
BRDA:115,2,0,0
BRDA:115,2,1,0
BRDA:115,3,0,0
BRDA:115,3,1,0
BRDA:153,4,0,0
BRDA:159,5,0,0
BRDA:187,6,0,0
BRDA:187,6,1,0
BRDA:187,7,0,0
BRDA:187,7,1,0
BRDA:189,8,0,0
BRDA:201,9,0,0
BRDA:241,10,0,0
BRDA:251,11,0,0
BRDA:251,11,1,0
BRDA:251,12,0,0
BRDA:251,12,1,0
BRDA:303,13,0,0
BRDA:308,14,0,0
BRDA:309,15,0,0
BRDA:309,15,1,0
BRDA:309,16,0,0
BRDA:309,16,1,0
BRDA:309,17,0,0
BRDA:309,17,1,0
BRDA:315,18,0,0
BRDA:321,19,0,0
BRDA:321,20,0,0
BRDA:321,20,1,0
BRDA:321,21,0,0
BRDA:321,21,1,0
BRDA:337,22,0,0
BRDA:337,22,1,0
BRDA:337,23,0,0
BRDA:337,23,1,0
BRDA:366,24,0,0
BRDA:366,24,1,0
BRDA:366,25,0,0
BRDA:366,25,1,0
BRDA:402,26,0,0
BRDA:409,27,0,0
BRDA:409,27,1,0
BRDA:409,28,0,0
BRDA:409,28,1,0
BRF:46
BRH:0
end_of_record
TN:
SF:src/controllers/enterpriseController.ts
FN:32,(anonymous_8)
FN:32,(anonymous_9)
FN:91,(anonymous_10)
FN:91,(anonymous_11)
FN:133,(anonymous_12)
FN:133,(anonymous_13)
FN:179,(anonymous_14)
FN:179,(anonymous_15)
FN:250,(anonymous_16)
FN:250,(anonymous_17)
FN:310,(anonymous_18)
FN:310,(anonymous_19)
FNF:12
FNH:12
FNDA:3,(anonymous_8)
FNDA:3,(anonymous_9)
FNDA:5,(anonymous_10)
FNDA:5,(anonymous_11)
FNDA:10,(anonymous_12)
FNDA:10,(anonymous_13)
FNDA:2,(anonymous_14)
FNDA:2,(anonymous_15)
FNDA:2,(anonymous_16)
FNDA:2,(anonymous_17)
FNDA:2,(anonymous_18)
FNDA:2,(anonymous_19)
DA:2,2
DA:3,2
DA:4,2
DA:32,3
DA:33,3
DA:35,3
DA:36,3
DA:37,3
DA:38,1
DA:39,1
DA:42,2
DA:44,2
DA:52,2
DA:54,2
DA:60,2
DA:62,0
DA:91,5
DA:92,5
DA:94,5
DA:95,5
DA:96,5
DA:97,1
DA:98,1
DA:101,4
DA:105,4
DA:106,3
DA:107,3
DA:110,1
DA:116,1
DA:118,0
DA:133,10
DA:134,10
DA:136,10
DA:137,4
DA:138,4
DA:141,6
DA:142,6
DA:144,1
DA:146,1
DA:147,0
DA:148,0
DA:151,1
DA:153,1
DA:155,5
DA:156,5
DA:179,2
DA:180,2
DA:182,2
DA:183,2
DA:184,2
DA:186,2
DA:187,1
DA:188,1
DA:191,1
DA:193,0
DA:194,0
DA:250,2
DA:251,2
DA:255,2
DA:257,2
DA:258,2
DA:279,2
DA:280,1
DA:281,1
DA:284,1
DA:286,0
DA:287,0
DA:310,2
DA:311,2
DA:313,2
DA:314,2
DA:316,2
DA:317,1
DA:318,1
DA:321,1
DA:323,0
DA:324,0
LF:77
LH:67
BRDA:37,0,0,1
BRDA:96,1,0,1
BRDA:96,2,0,5
BRDA:96,2,1,4
BRDA:105,3,0,3
BRDA:134,4,0,4
BRDA:134,4,1,6
BRDA:134,5,0,10
BRDA:134,5,1,10
BRDA:136,6,0,4
BRDA:146,7,0,0
BRDA:186,8,0,1
BRDA:279,9,0,1
BRDA:316,10,0,1
BRF:14
BRH:13
end_of_record
TN:
SF:src/controllers/messagesController.ts
FN:28,(anonymous_7)
FN:28,(anonymous_8)
FN:85,(anonymous_9)
FN:85,(anonymous_10)
FN:139,(anonymous_11)
FN:139,(anonymous_12)
FNF:6
FNH:6
FNDA:2,(anonymous_7)
FNDA:2,(anonymous_8)
FNDA:2,(anonymous_9)
FNDA:2,(anonymous_10)
FNDA:3,(anonymous_11)
FNDA:3,(anonymous_12)
DA:2,1
DA:28,2
DA:29,2
DA:31,2
DA:32,2
DA:38,2
DA:40,1
DA:42,1
DA:43,1
DA:85,2
DA:86,2
DA:88,2
DA:89,2
DA:96,1
DA:98,1
DA:99,1
DA:139,3
DA:140,3
DA:142,3
DA:143,3
DA:150,2
DA:152,1
DA:153,1
LF:23
LH:23
BRF:0
BRH:0
end_of_record
TN:
SF:src/controllers/servicesController.ts
FN:37,(anonymous_7)
FN:37,(anonymous_8)
FN:88,(anonymous_9)
FN:88,(anonymous_10)
FNF:4
FNH:0
FNDA:0,(anonymous_7)
FNDA:0,(anonymous_8)
FNDA:0,(anonymous_9)
FNDA:0,(anonymous_10)
DA:2,0
DA:3,0
DA:37,0
DA:38,0
DA:40,0
DA:41,0
DA:42,0
DA:43,0
DA:44,0
DA:47,0
DA:49,0
DA:50,0
DA:88,0
DA:89,0
DA:91,0
DA:92,0
DA:93,0
DA:94,0
DA:95,0
DA:98,0
DA:102,0
DA:104,0
DA:105,0
LF:23
LH:0
BRDA:42,0,0,0
BRDA:93,1,0,0
BRF:2
BRH:0
end_of_record
TN:
SF:src/models/admModel.ts
FNF:0
FNH:0
DA:1,0
DA:10,0
DA:15,0
LF:3
LH:0
BRF:0
BRH:0
end_of_record
TN:
SF:src/models/enterpriseModel.ts
FNF:0
FNH:0
DA:1,3
DA:46,3
DA:79,3
LF:3
LH:3
BRF:0
BRH:0
end_of_record
TN:
SF:src/models/messagesModel.ts
FNF:0
FNH:0
DA:1,1
DA:11,1
DA:18,1
LF:3
LH:3
BRF:0
BRH:0
end_of_record
TN:
SF:src/models/servicesModel.ts
FNF:0
FNH:0
DA:1,0
DA:9,0
DA:14,0
LF:3
LH:0
BRF:0
BRH:0
end_of_record
TN:
SF:src/models/userModel.ts
FNF:0
FNH:0
DA:1,0
DA:10,0
DA:16,0
DA:18,0
LF:4
LH:0
BRF:0
BRH:0
end_of_record
TN:
SF:src/routes/admRoutes.ts
FNF:0
FNH:0
DA:1,0
DA:2,0
DA:13,0
DA:16,0
DA:17,0
DA:18,0
DA:19,0
DA:22,0
DA:23,0
DA:24,0
DA:26,0
LF:11
LH:0
BRF:0
BRH:0
end_of_record
TN:
SF:src/routes/enterpriseRoutes.ts
FNF:0
FNH:0
DA:1,1
DA:2,1
DA:4,1
DA:6,1
DA:7,1
DA:8,1
DA:9,1
DA:10,1
DA:11,1
DA:13,1
LF:10
LH:10
BRF:0
BRH:0
end_of_record
TN:
SF:src/routes/messagesRoutes.ts
FNF:0
FNH:0
DA:1,0
DA:2,0
DA:4,0
DA:7,0
DA:10,0
DA:13,0
DA:15,0
LF:7
LH:0
BRF:0
BRH:0
end_of_record
TN:
SF:src/routes/servicesRoutes.ts
FNF:0
FNH:0
DA:1,0
DA:2,0
DA:4,0
DA:7,0
DA:10,0
DA:12,0
LF:6
LH:0
BRF:0
BRH:0
end_of_record
