TN:
SF:src\config\database.ts
FN:3,(anonymous_8)
FN:3,(anonymous_9)
FNF:2
FNH:0
FNDA:0,(anonymous_8)
FNDA:0,(anonymous_9)
DA:1,0
DA:3,0
DA:4,0
DA:5,0
DA:6,0
DA:7,0
DA:10,0
DA:11,0
DA:12,0
DA:14,0
DA:15,0
DA:17,0
DA:19,0
DA:23,0
LF:14
LH:0
BRDA:5,0,0,0
BRDA:14,1,0,0
BRDA:14,1,1,0
BRF:3
BRH:0
end_of_record
TN:
SF:src\config\routes.ts
FNF:0
FNH:0
DA:1,0
DA:2,0
DA:3,0
DA:4,0
DA:5,0
DA:7,0
DA:10,0
DA:13,0
DA:16,0
DA:19,0
DA:21,0
LF:11
LH:0
BRF:0
BRH:0
end_of_record
TN:
SF:src\config\swagger.ts
FN:24,(anonymous_14)
FN:24,(anonymous_15)
FN:25,(anonymous_16)
FNF:3
FNH:0
FNDA:0,(anonymous_14)
FNDA:0,(anonymous_15)
FNDA:0,(anonymous_16)
DA:1,0
DA:2,0
DA:4,0
DA:6,0
DA:8,0
DA:21,0
DA:22,0
DA:24,0
DA:25,0
LF:9
LH:0
BRF:0
BRH:0
end_of_record
TN:
SF:src\controllers\admController.ts
FN:10,(anonymous_8)
FN:10,(anonymous_9)
FN:45,(anonymous_10)
FN:45,(anonymous_11)
FN:74,(anonymous_12)
FN:74,(anonymous_13)
FN:107,(anonymous_14)
FN:111,(anonymous_15)
FN:140,(anonymous_16)
FN:143,(anonymous_17)
FN:166,(anonymous_18)
FN:169,(anonymous_19)
FN:217,(anonymous_20)
FN:220,(anonymous_21)
FN:235,(anonymous_22)
FN:238,(anonymous_23)
FNF:16
FNH:6
FNDA:2,(anonymous_8)
FNDA:2,(anonymous_9)
FNDA:0,(anonymous_10)
FNDA:0,(anonymous_11)
FNDA:3,(anonymous_12)
FNDA:3,(anonymous_13)
FNDA:2,(anonymous_14)
FNDA:2,(anonymous_15)
FNDA:0,(anonymous_16)
FNDA:0,(anonymous_17)
FNDA:0,(anonymous_18)
FNDA:0,(anonymous_19)
FNDA:0,(anonymous_20)
FNDA:0,(anonymous_21)
FNDA:0,(anonymous_22)
FNDA:0,(anonymous_23)
DA:2,1
DA:3,1
DA:4,1
DA:5,1
DA:10,2
DA:11,2
DA:13,2
DA:14,2
DA:15,2
DA:16,1
DA:17,1
DA:20,1
DA:21,1
DA:26,1
DA:28,1
DA:34,1
DA:40,0
DA:41,0
DA:45,1
DA:46,0
DA:48,0
DA:49,0
DA:50,0
DA:51,0
DA:52,0
DA:55,0
DA:56,0
DA:61,0
DA:63,0
DA:69,0
DA:70,0
DA:74,3
DA:75,3
DA:77,3
DA:78,3
DA:79,3
DA:80,1
DA:81,1
DA:84,2
DA:85,2
DA:86,1
DA:87,1
DA:90,1
DA:96,1
DA:102,0
DA:103,0
DA:107,1
DA:111,2
DA:112,2
DA:113,2
DA:115,2
DA:116,1
DA:117,1
DA:120,1
DA:125,1
DA:127,1
DA:128,0
DA:129,0
DA:132,1
DA:133,1
DA:135,0
DA:136,0
DA:140,1
DA:143,0
DA:144,0
DA:146,0
DA:147,0
DA:148,0
DA:149,0
DA:150,0
DA:153,0
DA:155,0
DA:161,0
DA:162,0
DA:166,1
DA:169,0
DA:170,0
DA:171,0
DA:173,0
DA:174,0
DA:175,0
DA:176,0
DA:177,0
DA:180,0
DA:184,0
DA:187,0
DA:188,0
DA:189,0
DA:193,0
DA:194,0
DA:200,0
DA:206,0
DA:212,0
DA:213,0
DA:217,1
DA:220,0
DA:221,0
DA:222,0
DA:224,0
DA:230,0
DA:231,0
DA:235,1
DA:238,0
DA:239,0
DA:241,0
DA:242,0
DA:244,0
DA:245,0
DA:246,0
DA:249,0
DA:254,0
DA:255,0
LF:112
LH:46
BRDA:15,0,0,1
BRDA:50,1,0,0
BRDA:65,2,0,0
BRDA:65,2,1,0
BRDA:65,3,0,0
BRDA:65,3,1,0
BRDA:79,4,0,1
BRDA:85,5,0,1
BRDA:113,6,0,1
BRDA:113,6,1,1
BRDA:113,7,0,2
BRDA:113,7,1,2
BRDA:115,8,0,1
BRDA:127,9,0,0
BRDA:148,10,0,0
BRDA:158,11,0,0
BRDA:158,11,1,0
BRDA:158,12,0,0
BRDA:158,12,1,0
BRDA:175,13,0,0
BRDA:180,14,0,0
BRDA:181,15,0,0
BRDA:181,15,1,0
BRDA:181,16,0,0
BRDA:181,16,1,0
BRDA:181,17,0,0
BRDA:181,17,1,0
BRDA:187,18,0,0
BRDA:193,19,0,0
BRDA:193,20,0,0
BRDA:193,20,1,0
BRDA:193,21,0,0
BRDA:193,21,1,0
BRDA:209,22,0,0
BRDA:209,22,1,0
BRDA:209,23,0,0
BRDA:209,23,1,0
BRDA:227,24,0,0
BRDA:227,24,1,0
BRDA:227,25,0,0
BRDA:227,25,1,0
BRDA:244,26,0,0
BRDA:251,27,0,0
BRDA:251,27,1,0
BRDA:251,28,0,0
BRDA:251,28,1,0
BRF:46
BRH:8
end_of_record
TN:
SF:src\controllers\enterpriseController.ts
FN:6,(anonymous_8)
FN:6,(anonymous_9)
FN:40,(anonymous_10)
FN:40,(anonymous_11)
FN:71,(anonymous_12)
FN:71,(anonymous_13)
FN:98,(anonymous_14)
FN:98,(anonymous_15)
FN:117,(anonymous_16)
FN:117,(anonymous_17)
FN:158,(anonymous_18)
FN:158,(anonymous_19)
FNF:12
FNH:12
FNDA:3,(anonymous_8)
FNDA:3,(anonymous_9)
FNDA:5,(anonymous_10)
FNDA:5,(anonymous_11)
FNDA:10,(anonymous_12)
FNDA:10,(anonymous_13)
FNDA:2,(anonymous_14)
FNDA:2,(anonymous_15)
FNDA:2,(anonymous_16)
FNDA:2,(anonymous_17)
FNDA:2,(anonymous_18)
FNDA:2,(anonymous_19)
DA:2,2
DA:3,2
DA:4,2
DA:6,3
DA:7,3
DA:9,3
DA:10,3
DA:11,3
DA:12,1
DA:13,1
DA:16,2
DA:18,2
DA:26,2
DA:28,2
DA:34,1
DA:36,1
DA:40,5
DA:41,5
DA:43,5
DA:44,5
DA:45,5
DA:46,3
DA:47,3
DA:50,2
DA:54,2
DA:55,1
DA:56,1
DA:59,1
DA:65,1
DA:67,0
DA:71,10
DA:72,10
DA:74,10
DA:75,4
DA:76,4
DA:79,6
DA:80,6
DA:82,1
DA:84,1
DA:85,0
DA:86,0
DA:89,1
DA:91,1
DA:93,5
DA:94,5
DA:98,2
DA:99,2
DA:101,2
DA:102,2
DA:103,2
DA:105,2
DA:106,1
DA:107,1
DA:110,1
DA:112,0
DA:113,0
DA:117,2
DA:118,2
DA:122,2
DA:124,2
DA:125,2
DA:146,2
DA:147,1
DA:148,1
DA:151,1
DA:153,0
DA:154,0
DA:158,2
DA:159,2
DA:161,2
DA:162,2
DA:164,2
DA:165,1
DA:166,1
DA:169,1
DA:171,0
DA:172,0
LF:77
LH:68
BRDA:11,0,0,1
BRDA:45,1,0,3
BRDA:45,2,0,5
BRDA:45,2,1,2
BRDA:54,3,0,1
BRDA:72,4,0,4
BRDA:72,4,1,6
BRDA:72,5,0,10
BRDA:72,5,1,10
BRDA:74,6,0,4
BRDA:84,7,0,0
BRDA:105,8,0,1
BRDA:146,9,0,1
BRDA:164,10,0,1
BRF:14
BRH:13
end_of_record
TN:
SF:src\controllers\messagesController.ts
FN:4,(anonymous_7)
FN:4,(anonymous_8)
FN:23,(anonymous_9)
FN:23,(anonymous_10)
FN:41,(anonymous_11)
FN:41,(anonymous_12)
FNF:6
FNH:6
FNDA:2,(anonymous_7)
FNDA:2,(anonymous_8)
FNDA:2,(anonymous_9)
FNDA:2,(anonymous_10)
FNDA:3,(anonymous_11)
FNDA:3,(anonymous_12)
DA:2,1
DA:4,2
DA:5,2
DA:7,2
DA:8,2
DA:14,2
DA:16,1
DA:18,1
DA:19,1
DA:23,2
DA:24,2
DA:26,2
DA:27,2
DA:34,1
DA:36,1
DA:37,1
DA:41,3
DA:42,3
DA:44,3
DA:45,3
DA:52,2
DA:54,1
DA:55,1
LF:23
LH:23
BRF:0
BRH:0
end_of_record
TN:
SF:src\controllers\servicesController.ts
FN:5,(anonymous_7)
FN:5,(anonymous_8)
FN:22,(anonymous_9)
FN:22,(anonymous_10)
FNF:4
FNH:0
FNDA:0,(anonymous_7)
FNDA:0,(anonymous_8)
FNDA:0,(anonymous_9)
FNDA:0,(anonymous_10)
DA:2,0
DA:3,0
DA:5,0
DA:6,0
DA:8,0
DA:9,0
DA:10,0
DA:11,0
DA:12,0
DA:15,0
DA:17,0
DA:18,0
DA:22,0
DA:23,0
DA:25,0
DA:26,0
DA:27,0
DA:28,0
DA:29,0
DA:32,0
DA:36,0
DA:38,0
DA:39,0
LF:23
LH:0
BRDA:10,0,0,0
BRDA:27,1,0,0
BRF:2
BRH:0
end_of_record
TN:
SF:src\models\admModel.ts
FNF:0
FNH:0
DA:1,1
DA:10,1
DA:15,1
LF:3
LH:3
BRF:0
BRH:0
end_of_record
TN:
SF:src\models\enterpriseModel.ts
FNF:0
FNH:0
DA:1,4
DA:46,4
DA:79,4
LF:3
LH:3
BRF:0
BRH:0
end_of_record
TN:
SF:src\models\messagesModel.ts
FNF:0
FNH:0
DA:1,1
DA:11,1
DA:18,1
LF:3
LH:3
BRF:0
BRH:0
end_of_record
TN:
SF:src\models\servicesModel.ts
FNF:0
FNH:0
DA:1,0
DA:9,0
DA:14,0
LF:3
LH:0
BRF:0
BRH:0
end_of_record
TN:
SF:src\routes\admRoutes.ts
FNF:0
FNH:0
DA:1,0
DA:2,0
DA:13,0
DA:16,0
DA:17,0
DA:18,0
DA:19,0
DA:22,0
DA:23,0
DA:24,0
DA:26,0
LF:11
LH:0
BRF:0
BRH:0
end_of_record
TN:
SF:src\routes\enterpriseRoutes.ts
FNF:0
FNH:0
DA:1,1
DA:2,1
DA:4,1
DA:6,1
DA:7,1
DA:8,1
DA:9,1
DA:10,1
DA:11,1
DA:13,1
LF:10
LH:10
BRF:0
BRH:0
end_of_record
TN:
SF:src\routes\messagesRoutes.ts
FNF:0
FNH:0
DA:1,0
DA:2,0
DA:4,0
DA:7,0
DA:10,0
DA:13,0
DA:15,0
LF:7
LH:0
BRF:0
BRH:0
end_of_record
TN:
SF:src\routes\servicesRoutes.ts
FNF:0
FNH:0
DA:1,0
DA:2,0
DA:4,0
DA:7,0
DA:10,0
DA:12,0
LF:6
LH:0
BRF:0
BRH:0
end_of_record
